# JRE version: Java(TM) SE Runtime Environment (8.0_191-b12) (build 1.8.0_191-b12)
# Java VM: Java HotSpot(TM) 64-Bit Server VM (25.191-b12 mixed mode bsd-amd64 compressed oops)
Heap:
 PSYoungGen      total 344576K, used 124212K [0x0000000795580000, 0x00000007acd80000, 0x00000007c0000000)
  eden space 341504K, 35% used [0x0000000795580000,0x000000079cc1b018,0x00000007aa300000)
  from space 3072K, 89% used [0x00000007ab180000,0x00000007ab432050,0x00000007ab480000)
  to   space 16384K, 0% used [0x00000007abd80000,0x00000007abd80000,0x00000007acd80000)
 ParOldGen       total 104960K, used 30068K [0x0000000740000000, 0x0000000746680000, 0x0000000795580000)
  object space 104960K, 28% used [0x0000000740000000,0x0000000741d5d1b0,0x0000000746680000)
 Metaspace       used 40920K, capacity 41520K, committed 41688K, reserved 1085440K
  class space    used 5383K, capacity 5549K, committed 5632K, reserved 1048576K
GC Heap History (10 events):
Event: 7.762 GC heap before
{Heap before GC invocations=11 (full 1):
 PSYoungGen      total 223744K, used 157434K [0x0000000795580000, 0x00000007a9280000, 0x00000007c0000000)
  eden space 211968K, 68% used [0x0000000795580000,0x000000079e3c03a0,0x00000007a2480000)
  from space 11776K, 99% used [0x00000007a2480000,0x00000007a2ffe628,0x00000007a3000000)
  to   space 15872K, 0% used [0x00000007a8300000,0x00000007a8300000,0x00000007a9280000)
 ParOldGen       total 55296K, used 17786K [0x0000000740000000, 0x0000000743600000, 0x0000000795580000)
  object space 55296K, 32% used [0x0000000740000000,0x000000074115e858,0x0000000743600000)
 Metaspace       used 34767K, capacity 35320K, committed 35416K, reserved 1079296K
  class space    used 4577K, capacity 4723K, committed 4736K, reserved 1048576K
Event: 7.787 GC heap after
Heap after GC invocations=11 (full 1):
 PSYoungGen      total 308224K, used 12092K [0x0000000795580000, 0x00000007a9500000, 0x00000007c0000000)
  eden space 292352K, 0% used [0x0000000795580000,0x0000000795580000,0x00000007a7300000)
  from space 15872K, 76% used [0x00000007a8300000,0x00000007a8ecf0b8,0x00000007a9280000)
  to   space 16384K, 0% used [0x00000007a7300000,0x00000007a7300000,0x00000007a8300000)
 ParOldGen       total 55296K, used 25490K [0x0000000740000000, 0x0000000743600000, 0x0000000795580000)
  object space 55296K, 46% used [0x0000000740000000,0x00000007418e4930,0x0000000743600000)
 Metaspace       used 34767K, capacity 35320K, committed 35416K, reserved 1079296K
  class space    used 4577K, capacity 4723K, committed 4736K, reserved 1048576K
}
Event: 7.787 GC heap before
{Heap before GC invocations=12 (full 2):
 PSYoungGen      total 308224K, used 12092K [0x0000000795580000, 0x00000007a9500000, 0x00000007c0000000)
  eden space 292352K, 0% used [0x0000000795580000,0x0000000795580000,0x00000007a7300000)
  from space 15872K, 76% used [0x00000007a8300000,0x00000007a8ecf0b8,0x00000007a9280000)
  to   space 16384K, 0% used [0x00000007a7300000,0x00000007a7300000,0x00000007a8300000)
 ParOldGen       total 55296K, used 25490K [0x0000000740000000, 0x0000000743600000, 0x0000000795580000)
  object space 55296K, 46% used [0x0000000740000000,0x00000007418e4930,0x0000000743600000)
 Metaspace       used 34767K, capacity 35320K, committed 35416K, reserved 1079296K
  class space    used 4577K, capacity 4723K, committed 4736K, reserved 1048576K
Event: 7.909 GC heap after
Heap after GC invocations=12 (full 2):
 PSYoungGen      total 308224K, used 0K [0x0000000795580000, 0x00000007a9500000, 0x00000007c0000000)
  eden space 292352K, 0% used [0x0000000795580000,0x0000000795580000,0x00000007a7300000)
  from space 15872K, 0% used [0x00000007a8300000,0x00000007a8300000,0x00000007a9280000)
  to   space 16384K, 0% used [0x00000007a7300000,0x00000007a7300000,0x00000007a8300000)
 ParOldGen       total 104960K, used 30044K [0x0000000740000000, 0x0000000746680000, 0x0000000795580000)
  object space 104960K, 28% used [0x0000000740000000,0x0000000741d571b0,0x0000000746680000)
 Metaspace       used 34767K, capacity 35320K, committed 35416K, reserved 1079296K
  class space    used 4577K, capacity 4723K, committed 4736K, reserved 1048576K
}
Event: 2513.414 GC heap before
{Heap before GC invocations=13 (full 2):
 PSYoungGen      total 308224K, used 292352K [0x0000000795580000, 0x00000007a9500000, 0x00000007c0000000)
  eden space 292352K, 100% used [0x0000000795580000,0x00000007a7300000,0x00000007a7300000)
  from space 15872K, 0% used [0x00000007a8300000,0x00000007a8300000,0x00000007a9280000)
  to   space 16384K, 0% used [0x00000007a7300000,0x00000007a7300000,0x00000007a8300000)
 ParOldGen       total 104960K, used 30044K [0x0000000740000000, 0x0000000746680000, 0x0000000795580000)
  object space 104960K, 28% used [0x0000000740000000,0x0000000741d571b0,0x0000000746680000)
 Metaspace       used 40847K, capacity 41456K, committed 41688K, reserved 1085440K
  class space    used 5382K, capacity 5549K, committed 5632K, reserved 1048576K
Event: 2514.190 GC heap after
Heap after GC invocations=13 (full 2):
 PSYoungGen      total 308736K, used 7878K [0x0000000795580000, 0x00000007adc80000, 0x00000007c0000000)
  eden space 292352K, 0% used [0x0000000795580000,0x0000000795580000,0x00000007a7300000)
  from space 16384K, 48% used [0x00000007a7300000,0x00000007a7ab1800,0x00000007a8300000)
  to   space 15872K, 0% used [0x00000007acd00000,0x00000007acd00000,0x00000007adc80000)
 ParOldGen       total 104960K, used 30052K [0x0000000740000000, 0x0000000746680000, 0x0000000795580000)
  object space 104960K, 28% used [0x0000000740000000,0x0000000741d591b0,0x0000000746680000)
 Metaspace       used 40847K, capacity 41456K, committed 41688K, reserved 1085440K
  class space    used 5382K, capacity 5549K, committed 5632K, reserved 1048576K
}
Event: 9170.083 GC heap before
{Heap before GC invocations=14 (full 2):
 PSYoungGen      total 308736K, used 300230K [0x0000000795580000, 0x00000007adc80000, 0x00000007c0000000)
  eden space 292352K, 100% used [0x0000000795580000,0x00000007a7300000,0x00000007a7300000)
  from space 16384K, 48% used [0x00000007a7300000,0x00000007a7ab1800,0x00000007a8300000)
  to   space 15872K, 0% used [0x00000007acd00000,0x00000007acd00000,0x00000007adc80000)
 ParOldGen       total 104960K, used 30052K [0x0000000740000000, 0x0000000746680000, 0x0000000795580000)
  object space 104960K, 28% used [0x0000000740000000,0x0000000741d591b0,0x0000000746680000)
 Metaspace       used 40857K, capacity 41456K, committed 41688K, reserved 1085440K
  class space    used 5382K, capacity 5549K, committed 5632K, reserved 1048576K
Event: 9170.678 GC heap after
Heap after GC invocations=14 (full 2):
 PSYoungGen      total 360960K, used 2680K [0x0000000795580000, 0x00000007ad180000, 0x00000007c0000000)
  eden space 356352K, 0% used [0x0000000795580000,0x0000000795580000,0x00000007ab180000)
  from space 4608K, 58% used [0x00000007acd00000,0x00000007acf9e040,0x00000007ad180000)
  to   space 16384K, 0% used [0x00000007ab180000,0x00000007ab180000,0x00000007ac180000)
 ParOldGen       total 104960K, used 30060K [0x0000000740000000, 0x0000000746680000, 0x0000000795580000)
  object space 104960K, 28% used [0x0000000740000000,0x0000000741d5b1b0,0x0000000746680000)
 Metaspace       used 40857K, capacity 41456K, committed 41688K, reserved 1085440K
  class space    used 5382K, capacity 5549K, committed 5632K, reserved 1048576K
}
Event: 17508.239 GC heap before
{Heap before GC invocations=15 (full 2):
 PSYoungGen      total 360960K, used 359032K [0x0000000795580000, 0x00000007ad180000, 0x00000007c0000000)
  eden space 356352K, 100% used [0x0000000795580000,0x00000007ab180000,0x00000007ab180000)
  from space 4608K, 58% used [0x00000007acd00000,0x00000007acf9e040,0x00000007ad180000)
  to   space 16384K, 0% used [0x00000007ab180000,0x00000007ab180000,0x00000007ac180000)
 ParOldGen       total 104960K, used 30060K [0x0000000740000000, 0x0000000746680000, 0x0000000795580000)
  object space 104960K, 28% used [0x0000000740000000,0x0000000741d5b1b0,0x0000000746680000)
 Metaspace       used 40920K, capacity 41520K, committed 41688K, reserved 1085440K
  class space    used 5383K, capacity 5549K, committed 5632K, reserved 1048576K
Event: 17508.664 GC heap after
Heap after GC invocations=15 (full 2):
 PSYoungGen      total 344576K, used 2760K [0x0000000795580000, 0x00000007acd80000, 0x00000007c0000000)
  eden space 341504K, 0% used [0x0000000795580000,0x0000000795580000,0x00000007aa300000)
  from space 3072K, 89% used [0x00000007ab180000,0x00000007ab432050,0x00000007ab480000)
  to   space 16384K, 0% used [0x00000007abd80000,0x00000007abd80000,0x00000007acd80000)
 ParOldGen       total 104960K, used 30068K [0x0000000740000000, 0x0000000746680000, 0x0000000795580000)
  object space 104960K, 28% used [0x0000000740000000,0x0000000741d5d1b0,0x0000000746680000)
 Metaspace       used 40920K, capacity 41520K, committed 41688K, reserved 1085440K
  class space    used 5383K, capacity 5549K, committed 5632K, reserved 1048576K
}

